2015-10-13 14:05:33,548 - analyze_report - INFO - Start to run generate_report_file.
2015-10-13 14:05:33,551 - analyze_report - DEBUG - Start to generate report for performance analyze Processing script performance.
2015-10-13 14:05:33,565 - analyze_report - INFO - Start to run generate_report_file.
2015-10-13 14:05:33,569 - analyze_report - DEBUG - Start to generate report for performance analyze Processing script detailed.
2016-01-06 16:55:04,150 - analyze_report - INFO - Start to run generate_report_file.
2016-01-06 16:55:04,153 - analyze_report - DEBUG - Start to generate report for dynamic table analyze Field_Check.
2016-01-06 16:55:04,167 - analyze_report - INFO - Start to run generate_report_file.
2016-01-06 16:55:04,170 - analyze_report - DEBUG - Start to generate report for dynamic table analyze H_Field_Check.
2016-01-06 16:55:04,183 - analyze_report - INFO - Start to run generate_report_file.
2016-01-06 16:55:04,184 - analyze_report - DEBUG - Start to generate report for dynamic table analyze H_DB_Field_Check.
2016-01-06 16:55:04,197 - analyze_report - INFO - Start to run generate_report_file.
2016-01-06 16:55:04,200 - analyze_report - DEBUG - Start to generate report for dynamic table analyze Sensi_Flag_Check.
2016-01-06 16:55:04,210 - analyze_report - INFO - Start to run generate_report_file.
2016-01-06 16:55:04,214 - analyze_report - DEBUG - Start to generate report for dynamic table analyze Build_Mode_Check.
2016-01-06 16:55:04,230 - analyze_report - INFO - Start to run generate_report_file.
2016-01-06 16:55:04,233 - analyze_report - DEBUG - Start to generate report for dynamic table analyze Field_Reference_Summary.
2016-01-06 16:55:04,260 - analyze_report - INFO - Start to run generate_report_file.
2016-01-06 16:55:04,263 - analyze_report - DEBUG - Start to generate report for dynamic table analyze Field_Reference_Detail.
2016-01-06 16:55:04,358 - analyze_report - INFO - Start to run generate_report_file.
2016-01-06 16:55:04,361 - analyze_report - DEBUG - Start to generate report for dynamic table analyze DM_TBL_Reference_Summary.
2016-01-06 16:55:04,374 - analyze_report - INFO - Start to run generate_report_file.
2016-01-06 16:55:04,377 - analyze_report - DEBUG - Start to generate report for dynamic table analyze DM_TBL_Reference_Detail.
2016-01-06 16:55:29,221 - analyze_report - INFO - Start to run generate_report_file.
2016-01-06 16:55:29,224 - analyze_report - DEBUG - Start to generate report for performance analyze Processing script performance.
2016-01-06 16:55:29,240 - analyze_report - INFO - Start to run generate_report_file.
2016-01-06 16:55:29,253 - analyze_report - DEBUG - Start to generate report for performance analyze Processing script detailed.
2016-01-06 16:55:46,769 - analyze_report - INFO - Start to run generate_report_file.
2016-01-06 16:55:46,772 - analyze_report - DEBUG - Start to generate report for feeder analyze Summary_REP_TAB.
2016-01-06 16:55:46,782 - analyze_report - INFO - Start to run generate_report_file.
2016-01-06 16:55:46,785 - analyze_report - DEBUG - Start to generate report for feeder analyze REP_TAB_VS_T_FEED.
2016-01-06 16:55:46,796 - analyze_report - INFO - Start to run generate_report_file.
2016-01-06 16:55:46,799 - analyze_report - DEBUG - Start to generate report for feeder analyze Summary_T_FEED_1.
2016-01-06 16:55:46,811 - analyze_report - INFO - Start to run generate_report_file.
2016-01-06 16:55:46,813 - analyze_report - DEBUG - Start to generate report for feeder analyze T_FEED_VS_DM.
2016-01-06 16:55:46,825 - analyze_report - INFO - Start to run generate_report_file.
2016-01-06 16:55:46,828 - analyze_report - DEBUG - Start to generate report for feeder analyze Summary_T_FEED_2.
2016-01-06 16:55:46,838 - analyze_report - INFO - Start to run generate_report_file.
2016-01-06 16:55:46,842 - analyze_report - DEBUG - Start to generate report for feeder analyze T_FEED_VS_BOF.
2016-01-06 16:55:46,852 - analyze_report - INFO - Start to run generate_report_file.
2016-01-06 16:55:46,857 - analyze_report - DEBUG - Start to generate report for feeder analyze Summary_BOF.
2016-01-06 16:55:46,867 - analyze_report - INFO - Start to run generate_report_file.
2016-01-06 16:55:46,871 - analyze_report - DEBUG - Start to generate report for feeder analyze BOF_VS_PS.
2016-01-06 16:55:46,881 - analyze_report - INFO - Start to run generate_report_file.
2016-01-06 16:55:46,884 - analyze_report - DEBUG - Start to generate report for feeder analyze Scanner_Engine.
2016-01-06 16:55:46,901 - analyze_report - INFO - Start to run generate_report_file.
2016-01-06 16:55:46,904 - analyze_report - DEBUG - Start to generate report for feeder analyze BOF_SIZE.
2016-01-06 16:55:46,915 - analyze_report - INFO - Start to run generate_report_file.
2016-01-06 16:55:46,918 - analyze_report - DEBUG - Start to generate report for feeder analyze Filter_conflict.
2016-01-06 16:55:46,927 - analyze_report - INFO - Start to run generate_report_file.
2016-01-06 16:55:46,930 - analyze_report - DEBUG - Start to generate report for feeder analyze Dataset_consistency.
2016-01-06 16:55:46,947 - analyze_report - INFO - Start to run generate_report_file.
2016-01-06 16:55:46,951 - analyze_report - DEBUG - Start to generate report for feeder analyze Post_filter.
2016-01-06 16:55:46,967 - analyze_report - INFO - Start to run generate_report_file.
2016-01-06 16:55:46,971 - analyze_report - DEBUG - Start to generate report for feeder analyze Computing_dates.
2016-01-06 17:07:47,778 - analyze_report - INFO - Start to run generate_report_file.
2016-01-06 17:07:47,782 - analyze_report - DEBUG - Start to generate report for datamart table analyze Fields_Check.
2016-01-06 17:07:47,792 - analyze_report - INFO - Start to run generate_report_file.
2016-01-06 17:07:47,796 - analyze_report - DEBUG - Start to generate report for datamart table analyze #_Fields_REP_Vs_Dyn.
2016-01-06 17:07:47,808 - analyze_report - INFO - Start to run generate_report_file.
2016-01-06 17:07:47,811 - analyze_report - DEBUG - Start to generate report for datamart table analyze No_Indexed_Tables.
2016-01-06 17:08:26,319 - analyze_report - INFO - Start to run generate_report_file.
2016-01-06 17:08:26,322 - analyze_report - DEBUG - Start to generate report for datamart table analyze Fields_Check.
2016-01-06 17:08:26,335 - analyze_report - INFO - Start to run generate_report_file.
2016-01-06 17:08:26,341 - analyze_report - DEBUG - Start to generate report for datamart table analyze #_Fields_REP_Vs_Dyn.
2016-01-06 17:08:26,352 - analyze_report - INFO - Start to run generate_report_file.
2016-01-06 17:08:26,358 - analyze_report - DEBUG - Start to generate report for datamart table analyze No_Indexed_Tables.
2016-01-06 17:08:36,542 - analyze_report - INFO - Start to run generate_report_file.
2016-01-06 17:08:36,546 - analyze_report - DEBUG - Start to generate report for datamart table analyze Fields_Check.
2016-01-06 17:08:36,558 - analyze_report - INFO - Start to run generate_report_file.
2016-01-06 17:08:36,561 - analyze_report - DEBUG - Start to generate report for datamart table analyze #_Fields_REP_Vs_Dyn.
2016-01-06 17:08:36,578 - analyze_report - INFO - Start to run generate_report_file.
2016-01-06 17:08:36,585 - analyze_report - DEBUG - Start to generate report for datamart table analyze No_Indexed_Tables.
2016-01-06 17:29:59,303 - analyze_report - INFO - Start to run generate_report_file.
2016-01-06 17:29:59,306 - analyze_report - DEBUG - Start to generate report for dynamic table analyze Field_Check.
2016-01-06 17:29:59,322 - analyze_report - INFO - Start to run generate_report_file.
2016-01-06 17:29:59,325 - analyze_report - DEBUG - Start to generate report for dynamic table analyze H_Field_Check.
2016-01-06 17:29:59,341 - analyze_report - INFO - Start to run generate_report_file.
2016-01-06 17:29:59,344 - analyze_report - DEBUG - Start to generate report for dynamic table analyze H_DB_Field_Check.
2016-01-06 17:29:59,358 - analyze_report - INFO - Start to run generate_report_file.
2016-01-06 17:29:59,365 - analyze_report - DEBUG - Start to generate report for datamart table analyze #_Fields_REP_Vs_Dyn.
2016-01-06 17:29:59,382 - analyze_report - INFO - Start to run generate_report_file.
2016-01-06 17:29:59,388 - analyze_report - DEBUG - Start to generate report for datamart table analyze No_Indexed_Tables.
2016-01-06 17:29:59,407 - analyze_report - INFO - Start to run generate_report_file.
2016-01-06 17:29:59,411 - analyze_report - DEBUG - Start to generate report for feeder analyze Summary_REP_TAB.
2016-01-06 17:29:59,424 - analyze_report - INFO - Start to run generate_report_file.
2016-01-06 17:29:59,427 - analyze_report - DEBUG - Start to generate report for feeder analyze REP_TAB_VS_T_FEED.
2016-01-06 17:29:59,440 - analyze_report - INFO - Start to run generate_report_file.
2016-01-06 17:29:59,443 - analyze_report - DEBUG - Start to generate report for feeder analyze Summary_T_FEED_2.
2016-01-06 17:29:59,453 - analyze_report - INFO - Start to run generate_report_file.
2016-01-06 17:29:59,457 - analyze_report - DEBUG - Start to generate report for feeder analyze T_FEED_VS_BOF.
2016-01-06 17:29:59,473 - analyze_report - INFO - Start to run generate_report_file.
2016-01-06 17:29:59,477 - analyze_report - DEBUG - Start to generate report for feeder analyze Summary_BOF.
2016-01-06 17:29:59,496 - analyze_report - INFO - Start to run generate_report_file.
2016-01-06 17:29:59,500 - analyze_report - DEBUG - Start to generate report for feeder analyze BOF_VS_PS.
2016-01-06 17:29:59,515 - analyze_report - INFO - Start to run generate_report_file.
2016-01-06 17:29:59,519 - analyze_report - DEBUG - Start to generate report for feeder analyze Scanner_Engine.
2016-01-06 17:29:59,536 - analyze_report - INFO - Start to run generate_report_file.
2016-01-06 17:29:59,540 - analyze_report - DEBUG - Start to generate report for feeder analyze Dataset_consistency.
2016-01-06 17:29:59,559 - analyze_report - INFO - Start to run generate_report_file.
2016-01-06 17:29:59,563 - analyze_report - DEBUG - Start to generate report for feeder analyze Post_filter.
2016-01-06 17:29:59,573 - analyze_report - INFO - Start to run generate_report_file.
2016-01-06 17:29:59,578 - analyze_report - DEBUG - Start to generate report for performance analyze Processing script performance.
2016-01-06 17:29:59,594 - analyze_report - INFO - Start to run generate_report_file.
2016-01-06 17:29:59,605 - analyze_report - DEBUG - Start to generate report for performance analyze Processing script detailed.
2016-01-06 17:31:46,418 - analyze_report - INFO - Start to run generate_report_file.
2016-01-06 17:31:46,421 - analyze_report - DEBUG - Start to generate report for dynamic table analyze Field_Check.
2016-01-06 17:31:46,431 - analyze_report - INFO - Start to run generate_report_file.
2016-01-06 17:31:46,434 - analyze_report - DEBUG - Start to generate report for dynamic table analyze H_Field_Check.
2016-01-06 17:31:46,450 - analyze_report - INFO - Start to run generate_report_file.
2016-01-06 17:31:46,453 - analyze_report - DEBUG - Start to generate report for dynamic table analyze H_DB_Field_Check.
2016-01-06 17:31:46,469 - analyze_report - INFO - Start to run generate_report_file.
2016-01-06 17:31:46,473 - analyze_report - DEBUG - Start to generate report for datamart table analyze #_Fields_REP_Vs_Dyn.
2016-01-06 17:31:46,489 - analyze_report - INFO - Start to run generate_report_file.
2016-01-06 17:31:46,493 - analyze_report - DEBUG - Start to generate report for datamart table analyze No_Indexed_Tables.
2016-01-06 17:31:46,516 - analyze_report - INFO - Start to run generate_report_file.
2016-01-06 17:31:46,519 - analyze_report - DEBUG - Start to generate report for feeder analyze Summary_REP_TAB.
2016-01-06 17:31:46,536 - analyze_report - INFO - Start to run generate_report_file.
2016-01-06 17:31:46,542 - analyze_report - DEBUG - Start to generate report for feeder analyze REP_TAB_VS_T_FEED.
2016-01-06 17:31:46,562 - analyze_report - INFO - Start to run generate_report_file.
2016-01-06 17:31:46,566 - analyze_report - DEBUG - Start to generate report for feeder analyze Summary_T_FEED_2.
2016-01-06 17:31:46,582 - analyze_report - INFO - Start to run generate_report_file.
2016-01-06 17:31:46,586 - analyze_report - DEBUG - Start to generate report for feeder analyze T_FEED_VS_BOF.
2016-01-06 17:31:46,612 - analyze_report - INFO - Start to run generate_report_file.
2016-01-06 17:31:46,617 - analyze_report - DEBUG - Start to generate report for feeder analyze Summary_BOF.
2016-01-06 17:31:46,631 - analyze_report - INFO - Start to run generate_report_file.
2016-01-06 17:31:46,635 - analyze_report - DEBUG - Start to generate report for feeder analyze BOF_VS_PS.
2016-01-06 17:31:46,651 - analyze_report - INFO - Start to run generate_report_file.
2016-01-06 17:31:46,655 - analyze_report - DEBUG - Start to generate report for feeder analyze Scanner_Engine.
2016-01-06 17:31:46,670 - analyze_report - INFO - Start to run generate_report_file.
2016-01-06 17:31:46,673 - analyze_report - DEBUG - Start to generate report for feeder analyze Dataset_consistency.
2016-01-06 17:31:46,688 - analyze_report - INFO - Start to run generate_report_file.
2016-01-06 17:31:46,691 - analyze_report - DEBUG - Start to generate report for feeder analyze Post_filter.
2016-01-06 17:31:46,706 - analyze_report - INFO - Start to run generate_report_file.
2016-01-06 17:31:46,710 - analyze_report - DEBUG - Start to generate report for performance analyze Processing script performance.
2016-01-06 17:31:46,736 - analyze_report - INFO - Start to run generate_report_file.
2016-01-06 17:31:46,746 - analyze_report - DEBUG - Start to generate report for performance analyze Processing script detailed.
2016-01-06 17:32:46,917 - analyze_report - INFO - Start to run generate_report_file.
2016-01-06 17:32:46,921 - analyze_report - DEBUG - Start to generate report for performance analyze Processing script performance.
2016-01-06 17:32:46,934 - analyze_report - INFO - Start to run generate_report_file.
2016-01-06 17:32:46,937 - analyze_report - DEBUG - Start to generate report for performance analyze Processing script detailed.
2016-01-06 17:32:58,706 - analyze_report - INFO - Start to run generate_report_file.
2016-01-06 17:32:58,709 - analyze_report - DEBUG - Start to generate report for dynamic table analyze Field_Check.
2016-01-06 17:32:58,721 - analyze_report - INFO - Start to run generate_report_file.
2016-01-06 17:32:58,724 - analyze_report - DEBUG - Start to generate report for dynamic table analyze H_Field_Check.
2016-01-06 17:32:58,736 - analyze_report - INFO - Start to run generate_report_file.
2016-01-06 17:32:58,739 - analyze_report - DEBUG - Start to generate report for dynamic table analyze H_DB_Field_Check.
2016-01-06 17:32:58,750 - analyze_report - INFO - Start to run generate_report_file.
2016-01-06 17:32:58,756 - analyze_report - DEBUG - Start to generate report for dynamic table analyze Sensi_Flag_Check.
2016-01-06 17:32:58,766 - analyze_report - INFO - Start to run generate_report_file.
2016-01-06 17:32:58,770 - analyze_report - DEBUG - Start to generate report for dynamic table analyze Build_Mode_Check.
2016-01-06 17:32:58,780 - analyze_report - INFO - Start to run generate_report_file.
2016-01-06 17:32:58,783 - analyze_report - DEBUG - Start to generate report for dynamic table analyze Field_Reference_Summary.
2016-01-06 17:32:58,812 - analyze_report - INFO - Start to run generate_report_file.
2016-01-06 17:32:58,815 - analyze_report - DEBUG - Start to generate report for dynamic table analyze Field_Reference_Detail.
2016-01-06 17:32:58,901 - analyze_report - INFO - Start to run generate_report_file.
2016-01-06 17:32:58,905 - analyze_report - DEBUG - Start to generate report for dynamic table analyze DM_TBL_Reference_Summary.
2016-01-06 17:32:58,917 - analyze_report - INFO - Start to run generate_report_file.
2016-01-06 17:32:58,923 - analyze_report - DEBUG - Start to generate report for dynamic table analyze DM_TBL_Reference_Detail.
2016-01-06 17:33:05,644 - analyze_report - INFO - Start to run generate_report_file.
2016-01-06 17:33:05,647 - analyze_report - DEBUG - Start to generate report for datamart table analyze Fields_Check.
2016-01-06 17:33:05,660 - analyze_report - INFO - Start to run generate_report_file.
2016-01-06 17:33:05,663 - analyze_report - DEBUG - Start to generate report for datamart table analyze #_Fields_REP_Vs_Dyn.
2016-01-06 17:33:05,674 - analyze_report - INFO - Start to run generate_report_file.
2016-01-06 17:33:05,678 - analyze_report - DEBUG - Start to generate report for datamart table analyze No_Indexed_Tables.
2016-01-06 17:33:12,502 - analyze_report - INFO - Start to run generate_report_file.
2016-01-06 17:33:12,505 - analyze_report - DEBUG - Start to generate report for feeder analyze Summary_REP_TAB.
2016-01-06 17:33:12,526 - analyze_report - INFO - Start to run generate_report_file.
2016-01-06 17:33:12,529 - analyze_report - DEBUG - Start to generate report for feeder analyze REP_TAB_VS_T_FEED.
2016-01-06 17:33:12,543 - analyze_report - INFO - Start to run generate_report_file.
2016-01-06 17:33:12,546 - analyze_report - DEBUG - Start to generate report for feeder analyze Summary_T_FEED_1.
2016-01-06 17:33:12,559 - analyze_report - INFO - Start to run generate_report_file.
2016-01-06 17:33:12,562 - analyze_report - DEBUG - Start to generate report for feeder analyze T_FEED_VS_DM.
2016-01-06 17:33:12,576 - analyze_report - INFO - Start to run generate_report_file.
2016-01-06 17:33:12,581 - analyze_report - DEBUG - Start to generate report for feeder analyze Summary_T_FEED_2.
2016-01-06 17:33:12,595 - analyze_report - INFO - Start to run generate_report_file.
2016-01-06 17:33:12,596 - analyze_report - DEBUG - Start to generate report for feeder analyze T_FEED_VS_BOF.
2016-01-06 17:33:12,608 - analyze_report - INFO - Start to run generate_report_file.
2016-01-06 17:33:12,611 - analyze_report - DEBUG - Start to generate report for feeder analyze Summary_BOF.
2016-01-06 17:33:12,622 - analyze_report - INFO - Start to run generate_report_file.
2016-01-06 17:33:12,625 - analyze_report - DEBUG - Start to generate report for feeder analyze BOF_VS_PS.
2016-01-06 17:33:12,637 - analyze_report - INFO - Start to run generate_report_file.
2016-01-06 17:33:12,641 - analyze_report - DEBUG - Start to generate report for feeder analyze Scanner_Engine.
2016-01-06 17:33:12,661 - analyze_report - INFO - Start to run generate_report_file.
2016-01-06 17:33:12,664 - analyze_report - DEBUG - Start to generate report for feeder analyze BOF_SIZE.
2016-01-06 17:33:12,678 - analyze_report - INFO - Start to run generate_report_file.
2016-01-06 17:33:12,681 - analyze_report - DEBUG - Start to generate report for feeder analyze Filter_conflict.
2016-01-06 17:33:12,703 - analyze_report - INFO - Start to run generate_report_file.
2016-01-06 17:33:12,710 - analyze_report - DEBUG - Start to generate report for feeder analyze Dataset_consistency.
2016-01-06 17:33:12,739 - analyze_report - INFO - Start to run generate_report_file.
2016-01-06 17:33:12,742 - analyze_report - DEBUG - Start to generate report for feeder analyze Post_filter.
2016-01-06 17:33:12,756 - analyze_report - INFO - Start to run generate_report_file.
2016-01-06 17:33:12,759 - analyze_report - DEBUG - Start to generate report for feeder analyze Computing_dates.
2016-01-13 14:11:57,059 - analyze_report - INFO - Start to run generate_report_file.
2016-01-13 14:11:57,063 - analyze_report - DEBUG - Start to generate report for performance analyze Processing script performance.
2016-01-13 14:11:57,085 - analyze_report - INFO - Start to run generate_report_file.
2016-01-13 14:11:57,089 - analyze_report - DEBUG - Start to generate report for performance analyze Processing script detailed.
2016-01-13 16:39:18,826 - analyze_report - INFO - Start to run generate_report_file.
2016-01-13 16:39:18,836 - analyze_report - DEBUG - Start to generate report for performance analyze Processing script performance.
2016-01-13 16:39:18,848 - analyze_report - INFO - Start to run generate_report_file.
2016-01-13 16:39:18,851 - analyze_report - DEBUG - Start to generate report for performance analyze Processing script detailed.
2016-01-13 16:46:12,875 - analyze_report - INFO - Start to run generate_report_file.
2016-01-13 16:46:12,880 - analyze_report - DEBUG - Start to generate report for feeder analyze Summary_REP_TAB.
2016-01-13 16:46:12,891 - analyze_report - INFO - Start to run generate_report_file.
2016-01-13 16:46:12,894 - analyze_report - DEBUG - Start to generate report for feeder analyze REP_TAB_VS_T_FEED.
2016-01-13 16:46:12,908 - analyze_report - INFO - Start to run generate_report_file.
2016-01-13 16:46:12,913 - analyze_report - DEBUG - Start to generate report for feeder analyze Summary_T_FEED_1.
2016-01-13 16:46:12,926 - analyze_report - INFO - Start to run generate_report_file.
2016-01-13 16:46:12,928 - analyze_report - DEBUG - Start to generate report for feeder analyze T_FEED_VS_DM.
2016-01-13 16:46:12,941 - analyze_report - INFO - Start to run generate_report_file.
2016-01-13 16:46:12,946 - analyze_report - DEBUG - Start to generate report for feeder analyze Summary_T_FEED_2.
2016-01-13 16:46:12,961 - analyze_report - INFO - Start to run generate_report_file.
2016-01-13 16:46:12,964 - analyze_report - DEBUG - Start to generate report for feeder analyze T_FEED_VS_BOF.
2016-01-13 16:46:13,012 - analyze_report - INFO - Start to run generate_report_file.
2016-01-13 16:46:13,016 - analyze_report - DEBUG - Start to generate report for feeder analyze Summary_BOF.
2016-01-13 16:46:13,029 - analyze_report - INFO - Start to run generate_report_file.
2016-01-13 16:46:13,032 - analyze_report - DEBUG - Start to generate report for feeder analyze BOF_VS_PS.
2016-01-13 16:46:13,049 - analyze_report - INFO - Start to run generate_report_file.
2016-01-13 16:46:13,052 - analyze_report - DEBUG - Start to generate report for feeder analyze Scanner_Engine.
2016-01-13 16:46:13,096 - analyze_report - INFO - Start to run generate_report_file.
2016-01-13 16:46:13,099 - analyze_report - DEBUG - Start to generate report for feeder analyze BOF_SIZE.
2016-01-13 16:46:13,131 - analyze_report - INFO - Start to run generate_report_file.
2016-01-13 16:46:13,134 - analyze_report - DEBUG - Start to generate report for feeder analyze Filter_conflict.
2016-01-13 16:46:13,164 - analyze_report - INFO - Start to run generate_report_file.
2016-01-13 16:46:13,165 - analyze_report - DEBUG - Start to generate report for feeder analyze Dataset_consistency.
2016-01-13 16:46:13,219 - analyze_report - INFO - Start to run generate_report_file.
2016-01-13 16:46:13,220 - analyze_report - DEBUG - Start to generate report for feeder analyze Post_filter.
2016-01-13 16:46:13,237 - analyze_report - INFO - Start to run generate_report_file.
2016-01-13 16:46:13,242 - analyze_report - DEBUG - Start to generate report for feeder analyze Computing_dates.
2016-01-13 17:30:56,490 - analyze_report - INFO - Start to run generate_report_file.
2016-01-13 17:30:56,494 - analyze_report - DEBUG - Start to generate report for dynamic table analyze Field_Check.
2016-01-13 17:30:56,506 - analyze_report - INFO - Start to run generate_report_file.
2016-01-13 17:30:56,509 - analyze_report - DEBUG - Start to generate report for dynamic table analyze H_Field_Check.
2016-01-13 17:30:56,526 - analyze_report - INFO - Start to run generate_report_file.
2016-01-13 17:30:56,529 - analyze_report - DEBUG - Start to generate report for dynamic table analyze H_DB_Field_Check.
2016-01-13 17:30:56,539 - analyze_report - INFO - Start to run generate_report_file.
2016-01-13 17:30:56,543 - analyze_report - DEBUG - Start to generate report for dynamic table analyze Sensi_Flag_Check.
2016-01-13 17:30:56,555 - analyze_report - INFO - Start to run generate_report_file.
2016-01-13 17:30:56,561 - analyze_report - DEBUG - Start to generate report for dynamic table analyze Build_Mode_Check.
2016-01-13 17:30:56,572 - analyze_report - INFO - Start to run generate_report_file.
2016-01-13 17:30:56,575 - analyze_report - DEBUG - Start to generate report for dynamic table analyze Field_Reference_Summary.
2016-01-13 17:30:56,598 - analyze_report - INFO - Start to run generate_report_file.
2016-01-13 17:30:56,601 - analyze_report - DEBUG - Start to generate report for dynamic table analyze Field_Reference_Detail.
2016-01-13 17:30:56,677 - analyze_report - INFO - Start to run generate_report_file.
2016-01-13 17:30:56,680 - analyze_report - DEBUG - Start to generate report for dynamic table analyze DM_TBL_Reference_Summary.
2016-01-13 17:30:56,694 - analyze_report - INFO - Start to run generate_report_file.
2016-01-13 17:30:56,698 - analyze_report - DEBUG - Start to generate report for dynamic table analyze DM_TBL_Reference_Detail.
2016-01-13 17:30:57,891 - analyze_report - INFO - Start to run generate_report_file.
2016-01-13 17:30:57,897 - analyze_report - DEBUG - Start to generate report for datamart table analyze Fields_Check.
2016-01-13 17:30:57,918 - analyze_report - INFO - Start to run generate_report_file.
2016-01-13 17:30:57,921 - analyze_report - DEBUG - Start to generate report for datamart table analyze #_Fields_REP_Vs_Dyn.
2016-01-13 17:30:57,941 - analyze_report - INFO - Start to run generate_report_file.
2016-01-13 17:30:57,946 - analyze_report - DEBUG - Start to generate report for datamart table analyze No_Indexed_Tables.
2016-01-13 17:32:04,259 - analyze_report - INFO - Start to run generate_report_file.
2016-01-13 17:32:04,262 - analyze_report - DEBUG - Start to generate report for dynamic table analyze Field_Check.
2016-01-13 17:32:04,275 - analyze_report - INFO - Start to run generate_report_file.
2016-01-13 17:32:04,279 - analyze_report - DEBUG - Start to generate report for dynamic table analyze H_Field_Check.
2016-01-13 17:32:04,293 - analyze_report - INFO - Start to run generate_report_file.
2016-01-13 17:32:04,298 - analyze_report - DEBUG - Start to generate report for dynamic table analyze H_DB_Field_Check.
2016-01-13 17:32:04,308 - analyze_report - INFO - Start to run generate_report_file.
2016-01-13 17:32:04,309 - analyze_report - DEBUG - Start to generate report for dynamic table analyze Sensi_Flag_Check.
2016-01-13 17:32:04,328 - analyze_report - INFO - Start to run generate_report_file.
2016-01-13 17:32:04,332 - analyze_report - DEBUG - Start to generate report for dynamic table analyze Build_Mode_Check.
2016-01-13 17:32:04,345 - analyze_report - INFO - Start to run generate_report_file.
2016-01-13 17:32:04,348 - analyze_report - DEBUG - Start to generate report for dynamic table analyze Field_Reference_Summary.
2016-01-13 17:32:04,434 - analyze_report - INFO - Start to run generate_report_file.
2016-01-13 17:32:04,437 - analyze_report - DEBUG - Start to generate report for dynamic table analyze Field_Reference_Detail.
2016-01-13 17:32:05,440 - analyze_report - INFO - Start to run generate_report_file.
2016-01-13 17:32:05,443 - analyze_report - DEBUG - Start to generate report for dynamic table analyze DM_TBL_Reference_Summary.
2016-01-13 17:32:05,466 - analyze_report - INFO - Start to run generate_report_file.
2016-01-13 17:32:05,470 - analyze_report - DEBUG - Start to generate report for dynamic table analyze DM_TBL_Reference_Detail.
2016-01-13 17:37:25,101 - analyze_report - INFO - Start to run generate_report_file.
2016-01-13 17:37:25,105 - analyze_report - DEBUG - Start to generate report for dynamic table analyze Field_Check.
2016-01-13 17:37:25,127 - analyze_report - INFO - Start to run generate_report_file.
2016-01-13 17:37:25,130 - analyze_report - DEBUG - Start to generate report for dynamic table analyze H_Field_Check.
2016-01-13 17:37:25,144 - analyze_report - INFO - Start to run generate_report_file.
2016-01-13 17:37:25,147 - analyze_report - DEBUG - Start to generate report for dynamic table analyze H_DB_Field_Check.
2016-01-13 17:37:25,160 - analyze_report - INFO - Start to run generate_report_file.
2016-01-13 17:37:25,163 - analyze_report - DEBUG - Start to generate report for datamart table analyze #_Fields_REP_Vs_Dyn.
2016-01-13 17:37:25,184 - analyze_report - INFO - Start to run generate_report_file.
2016-01-13 17:37:25,191 - analyze_report - DEBUG - Start to generate report for datamart table analyze No_Indexed_Tables.
2016-01-13 17:37:25,232 - analyze_report - INFO - Start to run generate_report_file.
2016-01-13 17:37:25,236 - analyze_report - DEBUG - Start to generate report for feeder analyze Summary_REP_TAB.
2016-01-13 17:37:25,253 - analyze_report - INFO - Start to run generate_report_file.
2016-01-13 17:37:25,256 - analyze_report - DEBUG - Start to generate report for feeder analyze REP_TAB_VS_T_FEED.
2016-01-13 17:37:25,275 - analyze_report - INFO - Start to run generate_report_file.
2016-01-13 17:37:25,279 - analyze_report - DEBUG - Start to generate report for feeder analyze Summary_T_FEED_2.
2016-01-13 17:37:25,299 - analyze_report - INFO - Start to run generate_report_file.
2016-01-13 17:37:25,303 - analyze_report - DEBUG - Start to generate report for feeder analyze T_FEED_VS_BOF.
2016-01-13 17:37:25,361 - analyze_report - INFO - Start to run generate_report_file.
2016-01-13 17:37:25,365 - analyze_report - DEBUG - Start to generate report for feeder analyze Summary_BOF.
2016-01-13 17:37:25,384 - analyze_report - INFO - Start to run generate_report_file.
2016-01-13 17:37:25,388 - analyze_report - DEBUG - Start to generate report for feeder analyze BOF_VS_PS.
2016-01-13 17:37:25,410 - analyze_report - INFO - Start to run generate_report_file.
2016-01-13 17:37:25,413 - analyze_report - DEBUG - Start to generate report for feeder analyze Scanner_Engine.
2016-01-13 17:37:25,470 - analyze_report - INFO - Start to run generate_report_file.
2016-01-13 17:37:25,473 - analyze_report - DEBUG - Start to generate report for feeder analyze Dataset_consistency.
2016-01-13 17:37:25,536 - analyze_report - INFO - Start to run generate_report_file.
2016-01-13 17:37:25,542 - analyze_report - DEBUG - Start to generate report for feeder analyze Post_filter.
2016-01-13 17:37:25,568 - analyze_report - INFO - Start to run generate_report_file.
2016-01-13 17:37:25,572 - analyze_report - DEBUG - Start to generate report for performance analyze Processing script performance.
2016-01-13 17:37:25,584 - analyze_report - INFO - Start to run generate_report_file.
2016-01-13 17:37:25,588 - analyze_report - DEBUG - Start to generate report for performance analyze Processing script detailed.
2016-01-13 17:37:37,710 - analyze_report - INFO - Start to run generate_report_file.
2016-01-13 17:37:37,713 - analyze_report - DEBUG - Start to generate report for dynamic table analyze Field_Check.
2016-01-13 17:37:37,730 - analyze_report - INFO - Start to run generate_report_file.
2016-01-13 17:37:37,734 - analyze_report - DEBUG - Start to generate report for dynamic table analyze H_Field_Check.
2016-01-13 17:37:37,753 - analyze_report - INFO - Start to run generate_report_file.
2016-01-13 17:37:37,755 - analyze_report - DEBUG - Start to generate report for dynamic table analyze H_DB_Field_Check.
2016-01-13 17:37:37,770 - analyze_report - INFO - Start to run generate_report_file.
2016-01-13 17:37:37,775 - analyze_report - DEBUG - Start to generate report for datamart table analyze #_Fields_REP_Vs_Dyn.
2016-01-13 17:37:37,799 - analyze_report - INFO - Start to run generate_report_file.
2016-01-13 17:37:37,802 - analyze_report - DEBUG - Start to generate report for datamart table analyze No_Indexed_Tables.
2016-01-13 17:37:37,851 - analyze_report - INFO - Start to run generate_report_file.
2016-01-13 17:37:37,858 - analyze_report - DEBUG - Start to generate report for feeder analyze Summary_REP_TAB.
2016-01-13 17:37:37,872 - analyze_report - INFO - Start to run generate_report_file.
2016-01-13 17:37:37,877 - analyze_report - DEBUG - Start to generate report for feeder analyze REP_TAB_VS_T_FEED.
2016-01-13 17:37:37,895 - analyze_report - INFO - Start to run generate_report_file.
2016-01-13 17:37:37,918 - analyze_report - DEBUG - Start to generate report for feeder analyze Summary_T_FEED_2.
2016-01-13 17:37:37,947 - analyze_report - INFO - Start to run generate_report_file.
2016-01-13 17:37:37,951 - analyze_report - DEBUG - Start to generate report for feeder analyze T_FEED_VS_BOF.
2016-01-13 17:37:38,009 - analyze_report - INFO - Start to run generate_report_file.
2016-01-13 17:37:38,015 - analyze_report - DEBUG - Start to generate report for feeder analyze Summary_BOF.
2016-01-13 17:37:38,035 - analyze_report - INFO - Start to run generate_report_file.
2016-01-13 17:37:38,039 - analyze_report - DEBUG - Start to generate report for feeder analyze BOF_VS_PS.
2016-01-13 17:37:38,055 - analyze_report - INFO - Start to run generate_report_file.
2016-01-13 17:37:38,059 - analyze_report - DEBUG - Start to generate report for feeder analyze Scanner_Engine.
2016-01-13 17:37:38,128 - analyze_report - INFO - Start to run generate_report_file.
2016-01-13 17:37:38,134 - analyze_report - DEBUG - Start to generate report for feeder analyze Dataset_consistency.
2016-01-13 17:37:38,194 - analyze_report - INFO - Start to run generate_report_file.
2016-01-13 17:37:38,198 - analyze_report - DEBUG - Start to generate report for feeder analyze Post_filter.
2016-01-13 17:37:38,220 - analyze_report - INFO - Start to run generate_report_file.
2016-01-13 17:37:38,223 - analyze_report - DEBUG - Start to generate report for performance analyze Processing script performance.
2016-01-13 17:37:38,239 - analyze_report - INFO - Start to run generate_report_file.
2016-01-13 17:37:38,244 - analyze_report - DEBUG - Start to generate report for performance analyze Processing script detailed.
2016-01-13 17:40:18,177 - analyze_report - INFO - Start to run generate_report_file.
2016-01-13 17:40:18,183 - analyze_report - DEBUG - Start to generate report for dynamic table analyze Field_Check.
2016-01-13 17:40:18,207 - analyze_report - INFO - Start to run generate_report_file.
2016-01-13 17:40:18,210 - analyze_report - DEBUG - Start to generate report for dynamic table analyze H_Field_Check.
2016-01-13 17:40:18,226 - analyze_report - INFO - Start to run generate_report_file.
2016-01-13 17:40:18,230 - analyze_report - DEBUG - Start to generate report for dynamic table analyze H_DB_Field_Check.
2016-01-13 17:40:18,246 - analyze_report - INFO - Start to run generate_report_file.
2016-01-13 17:40:18,252 - analyze_report - DEBUG - Start to generate report for datamart table analyze #_Fields_REP_Vs_Dyn.
2016-01-13 17:40:18,272 - analyze_report - INFO - Start to run generate_report_file.
2016-01-13 17:40:18,275 - analyze_report - DEBUG - Start to generate report for datamart table analyze No_Indexed_Tables.
2016-01-13 17:40:18,326 - analyze_report - INFO - Start to run generate_report_file.
2016-01-13 17:40:18,332 - analyze_report - DEBUG - Start to generate report for feeder analyze Summary_REP_TAB.
2016-01-13 17:40:18,348 - analyze_report - INFO - Start to run generate_report_file.
2016-01-13 17:40:18,351 - analyze_report - DEBUG - Start to generate report for feeder analyze REP_TAB_VS_T_FEED.
2016-01-13 17:40:18,368 - analyze_report - INFO - Start to run generate_report_file.
2016-01-13 17:40:18,371 - analyze_report - DEBUG - Start to generate report for feeder analyze Summary_T_FEED_2.
2016-01-13 17:40:18,394 - analyze_report - INFO - Start to run generate_report_file.
2016-01-13 17:40:18,398 - analyze_report - DEBUG - Start to generate report for feeder analyze T_FEED_VS_BOF.
2016-01-13 17:40:18,477 - analyze_report - INFO - Start to run generate_report_file.
2016-01-13 17:40:18,482 - analyze_report - DEBUG - Start to generate report for feeder analyze Summary_BOF.
2016-01-13 17:40:18,493 - analyze_report - INFO - Start to run generate_report_file.
2016-01-13 17:40:18,497 - analyze_report - DEBUG - Start to generate report for feeder analyze BOF_VS_PS.
2016-01-13 17:40:18,513 - analyze_report - INFO - Start to run generate_report_file.
2016-01-13 17:40:18,517 - analyze_report - DEBUG - Start to generate report for feeder analyze Scanner_Engine.
2016-01-13 17:40:18,582 - analyze_report - INFO - Start to run generate_report_file.
2016-01-13 17:40:18,585 - analyze_report - DEBUG - Start to generate report for feeder analyze Dataset_consistency.
2016-01-13 17:40:18,654 - analyze_report - INFO - Start to run generate_report_file.
2016-01-13 17:40:18,657 - analyze_report - DEBUG - Start to generate report for feeder analyze Post_filter.
2016-01-13 17:40:18,680 - analyze_report - INFO - Start to run generate_report_file.
2016-01-13 17:40:18,684 - analyze_report - DEBUG - Start to generate report for performance analyze Processing script performance.
2016-01-13 17:40:18,697 - analyze_report - INFO - Start to run generate_report_file.
2016-01-13 17:40:18,698 - analyze_report - DEBUG - Start to generate report for performance analyze Processing script detailed.
