2015-01-14 11:55:22,471 - __main__ - INFO - Log initialized
2015-01-14 11:55:22,473 - __main__ - INFO - Create master frame
2015-01-14 11:55:25,089 - __main__ - INFO - Run performance_analysis
2015-01-14 11:55:33,012 - __main__ - INFO - Run performance_analysis
2015-01-14 11:56:08,052 - __main__ - INFO - Run performance_analysis
2015-01-14 11:56:28,359 - __main__ - INFO - Run performance_analysis
2015-01-14 14:02:41,862 - __main__ - INFO - Log initialized
2015-01-14 14:02:41,864 - __main__ - INFO - Create master frame
2015-01-14 14:02:44,716 - __main__ - INFO - Run performance_analysis
2015-01-14 14:02:48,756 - __main__ - INFO - Run performance_analysis
2015-01-14 14:03:21,433 - __main__ - INFO - Run performance_analysis
2015-01-14 14:04:59,431 - __main__ - INFO - Log initialized
2015-01-14 14:04:59,431 - __main__ - INFO - Create master frame
2015-01-14 14:05:03,256 - __main__ - INFO - Run performance_analysis
2015-01-14 14:05:06,230 - __main__ - INFO - Run performance_analysis
2015-01-14 14:05:13,323 - __main__ - INFO - Run performance_analysis
2015-01-14 14:08:03,690 - __main__ - INFO - Create master frame
2015-01-14 14:08:07,986 - __main__ - INFO - Run performance_analysis
2015-01-14 14:08:10,727 - __main__ - INFO - Run performance_analysis
2015-01-14 14:08:13,865 - __main__ - INFO - Run performance_analysis
2015-01-14 14:08:20,664 - __main__ - INFO - Run dynamic_table_analysis
2015-01-14 14:08:30,158 - __main__ - INFO - Run datamart_table_analysis
2015-01-14 14:08:34,384 - __main__ - INFO - Run performance_analysis
2015-01-14 14:08:54,319 - __main__ - INFO - Create master frame
2015-01-14 14:08:56,552 - __main__ - INFO - Run dynamic_table_analysis
2015-01-14 14:09:04,645 - __main__ - INFO - Run datamart_table_analysis
2015-01-14 14:09:09,865 - __main__ - INFO - Run feeder_analysis
2015-01-14 14:09:14,960 - __main__ - INFO - Run dynamic_table_analysis
2015-01-14 14:09:21,217 - __main__ - INFO - Run datamart_table_analysis
2015-01-14 14:09:24,174 - __main__ - INFO - Run performance_analysis
2015-01-14 14:09:28,823 - __main__ - INFO - Run feeder_analysis
2015-01-14 14:09:34,581 - __main__ - INFO - Run dynamic_table_analysis
2015-01-14 14:09:39,903 - __main__ - INFO - Run datamart_table_analysis
2015-01-14 14:09:43,892 - __main__ - INFO - Run feeder_analysis
2015-01-14 14:09:49,417 - __main__ - INFO - Run performance_analysis
2015-01-14 14:09:54,891 - __main__ - INFO - Create master frame
2015-01-14 14:09:59,796 - __main__ - INFO - Run datamart_table_analysis
2015-01-14 14:10:03,710 - __main__ - INFO - Run feeder_analysis
2015-01-14 14:10:07,197 - __main__ - INFO - Run datamart_table_analysis
2015-01-14 14:10:08,282 - __main__ - INFO - Run feeder_analysis
2015-01-14 14:10:12,960 - __main__ - INFO - Run performance_analysis
2015-01-14 14:10:16,680 - __main__ - INFO - Run dynamic_table_analysis
2015-01-14 14:10:22,628 - __main__ - INFO - Run performance_analysis
2015-01-14 14:10:23,680 - __main__ - INFO - Run dynamic_table_analysis
2015-01-14 14:10:26,782 - __main__ - INFO - Run datamart_table_analysis
2015-01-14 14:10:27,864 - __main__ - INFO - Run feeder_analysis
2015-01-14 14:10:33,006 - __main__ - INFO - View performance output excel file
2015-01-14 14:13:17,844 - __main__ - INFO - Create master frame
2015-01-14 14:13:17,848 - __main__ - INFO - Create master frame
2015-01-14 14:13:23,512 - __main__ - INFO - Create master frame
2015-01-14 14:13:28,071 - __main__ - INFO - Run performance_analysis
2015-01-14 14:13:47,302 - __main__ - INFO - Run performance_analysis
2015-01-14 14:13:52,151 - __main__ - INFO - Run performance_analysis
2015-01-14 14:13:53,219 - __main__ - INFO - Run dynamic_table_analysis
2015-01-14 14:13:56,007 - __main__ - INFO - Run datamart_table_analysis
2015-01-14 14:13:57,132 - __main__ - INFO - Run feeder_analysis
2015-01-14 14:14:02,144 - __main__ - INFO - View dynamic table output excel file
2015-02-02 14:19:37,219 - __main__ - INFO - Create master frame
2015-02-02 14:19:41,108 - __main__ - INFO - Create config frame
2015-02-02 14:24:51,480 - __main__ - INFO - Run performance_analysis
2015-02-02 14:24:52,505 - __main__ - INFO - Run dynamic_table_analysis
2015-02-02 14:24:55,441 - __main__ - INFO - Run datamart_table_analysis
2015-02-02 14:24:56,499 - __main__ - INFO - Run feeder_analysis
2015-02-02 14:25:00,934 - __main__ - INFO - View dynamic table output excel file
2015-02-02 14:48:36,598 - __main__ - INFO - Create config frame
2015-02-02 14:49:00,140 - __main__ - INFO - Create config frame
2015-02-02 14:49:44,993 - __main__ - INFO - Create config frame
2015-02-02 14:49:47,960 - __main__ - INFO - Save config
2015-02-02 14:49:52,487 - __main__ - INFO - Create config frame
2015-02-02 14:49:57,411 - __main__ - INFO - Save config
2015-02-02 14:49:57,575 - __main__ - INFO - Save config
2015-02-02 14:49:57,736 - __main__ - INFO - Save config
2015-02-02 14:49:57,898 - __main__ - INFO - Save config
2015-02-02 14:49:59,805 - __main__ - INFO - Create config frame
2015-02-02 14:54:36,296 - __main__ - INFO - Create config frame
2015-02-02 16:25:44,105 - __main__ - INFO - Create config frame
2015-02-02 16:26:01,674 - __main__ - INFO - View performance output excel file
2015-02-02 17:37:21,227 - __main__ - INFO - Create config frame
2015-02-02 17:37:35,121 - __main__ - INFO - Save config
2015-02-02 17:37:35,513 - __main__ - INFO - Save config
2015-02-02 17:37:35,664 - __main__ - INFO - Save config
2015-02-02 17:37:41,431 - __main__ - INFO - Run performance_analysis
2015-02-02 17:37:53,648 - __main__ - INFO - View performance output excel file
2015-02-02 17:38:00,723 - __main__ - INFO - Create config frame
2015-02-02 17:38:17,210 - __main__ - INFO - Save config
2015-02-02 17:38:17,371 - __main__ - INFO - Save config
2015-02-02 17:38:17,533 - __main__ - INFO - Save config
2015-02-02 17:38:17,696 - __main__ - INFO - Save config
2015-02-02 17:38:18,763 - __main__ - INFO - Create config frame
2015-02-02 17:38:34,121 - __main__ - INFO - Create config frame
2015-02-02 17:38:36,316 - __main__ - INFO - Create config frame
2015-02-02 17:38:40,131 - __main__ - INFO - Save config
2015-02-02 17:38:42,236 - __main__ - INFO - Create config frame
2015-05-12 18:32:43,358 - __main__ - INFO - Create master frame
2015-07-06 10:02:31,444 - __main__ - INFO - Create master frame
2015-10-13 12:06:48,377 - __main__ - INFO - Create master frame
2015-10-13 14:00:45,473 - __main__ - INFO - Create master frame
2015-10-13 14:01:26,230 - __main__ - INFO - Create master frame
2015-10-13 14:01:30,917 - __main__ - INFO - Run performance_analysis
2015-11-05 17:07:18,809 - __main__ - INFO - Create master frame
2015-11-05 18:19:29,447 - __main__ - INFO - Create master frame
2015-11-05 18:19:33,263 - __main__ - INFO - Run performance_analysis
2015-11-05 18:20:24,216 - __main__ - INFO - Create master frame
2015-11-05 18:20:28,217 - __main__ - INFO - Run performance_analysis
2016-01-06 16:48:58,217 - __main__ - INFO - Create master frame
2016-01-06 16:49:02,983 - __main__ - INFO - Run core_analysis
2016-01-06 16:51:45,332 - __main__ - INFO - Create master frame
2016-01-06 16:51:50,226 - __main__ - INFO - Run core_analysis
2016-01-06 16:52:56,802 - __main__ - INFO - Create master frame
2016-01-06 16:53:00,904 - __main__ - INFO - Run core_analysis
2016-01-06 16:53:45,088 - __main__ - INFO - View core output excel file
2016-01-06 16:53:52,418 - __main__ - INFO - Run core_analysis
2016-01-06 16:54:23,365 - __main__ - INFO - Create master frame
2016-01-06 16:54:26,713 - __main__ - INFO - Run core_analysis
2016-01-06 16:54:38,076 - __main__ - INFO - Run core_analysis
2016-01-06 16:55:04,049 - __main__ - INFO - Run dynamic_table_analysis
2016-01-06 16:55:07,045 - __main__ - INFO - View dynamic table output excel file
2016-01-06 16:55:26,802 - __main__ - INFO - Run performance_analysis
2016-01-06 16:55:34,111 - __main__ - INFO - View performance output excel file
2016-01-06 16:55:41,655 - __main__ - INFO - Run feeder_analysis
2016-01-06 16:55:51,615 - __main__ - INFO - Run datamart_table_analysis
2016-01-06 16:56:15,845 - __main__ - INFO - Create master frame
2016-01-06 16:56:19,592 - __main__ - INFO - Run datamart_table_analysis
2016-01-06 16:56:23,713 - __main__ - INFO - Run datamart_table_analysis
2016-01-06 16:58:54,122 - __main__ - INFO - Create master frame
2016-01-06 16:58:56,177 - __main__ - INFO - Run datamart_table_analysis
2016-01-06 17:03:56,025 - __main__ - INFO - Run datamart_table_analysis
2016-01-06 17:03:59,178 - __main__ - INFO - Run datamart_table_analysis
2016-01-06 17:07:36,382 - __main__ - INFO - Create master frame
2016-01-06 17:07:41,247 - __main__ - INFO - Run datamart_table_analysis
2016-01-06 17:08:24,427 - __main__ - INFO - Create master frame
2016-01-06 17:08:26,269 - __main__ - INFO - Run datamart_table_analysis
2016-01-06 17:08:30,967 - __main__ - INFO - Run datamart_table_analysis
2016-01-06 17:29:30,737 - __main__ - INFO - Create master frame
2016-01-06 17:29:35,663 - __main__ - INFO - Run core_analysis
2016-01-06 17:30:20,417 - __main__ - INFO - View core output excel file
2016-01-06 17:30:29,943 - __main__ - INFO - Create config frame
2016-01-06 17:30:49,910 - __main__ - INFO - Save config
2016-01-06 17:31:01,236 - __main__ - INFO - Save config
2016-01-06 17:31:22,308 - __main__ - INFO - Run core_analysis
2016-01-06 17:32:44,644 - __main__ - INFO - Run performance_analysis
2016-01-06 17:32:47,950 - __main__ - INFO - Run dynamic_table_analysis
2016-01-06 17:32:59,999 - __main__ - INFO - Run datamart_table_analysis
2016-01-06 17:33:06,701 - __main__ - INFO - Run feeder_analysis
2016-01-06 17:33:17,654 - __main__ - INFO - View dynamic table output excel file
2016-01-06 17:33:29,091 - __main__ - INFO - View feeder output excel file
2016-01-06 17:33:41,355 - __main__ - INFO - Create help frame
2016-01-07 10:40:01,293 - __main__ - INFO - Create master frame
2016-01-07 10:40:05,542 - __main__ - INFO - Run core_analysis
2016-01-13 11:30:34,713 - __main__ - INFO - Create master frame
2016-01-13 11:30:38,664 - __main__ - INFO - Run performance_analysis
2016-01-13 14:11:15,569 - __main__ - INFO - Create master frame
2016-01-13 14:11:19,266 - __main__ - INFO - Run performance_analysis
2016-01-13 14:12:09,088 - __main__ - INFO - Run feeder_analysis
2016-01-13 14:13:20,989 - __main__ - INFO - Run datamart_table_analysis
2016-01-13 14:13:31,197 - __main__ - INFO - Create master frame
2016-01-13 14:13:34,262 - __main__ - INFO - Run datamart_table_analysis
2016-01-13 16:36:32,792 - __main__ - INFO - Create master frame
2016-01-13 16:36:35,243 - __main__ - INFO - Run performance_analysis
2016-01-13 16:44:50,594 - __main__ - INFO - View performance output excel file
2016-01-13 16:45:01,821 - __main__ - INFO - Run feeder_analysis
2016-01-13 17:29:46,374 - __main__ - INFO - View feeder output excel file
2016-01-13 17:30:56,165 - __main__ - INFO - Run dynamic_table_analysis
2016-01-13 17:30:57,752 - __main__ - INFO - Run datamart_table_analysis
2016-01-13 17:31:12,081 - __main__ - INFO - Run dynamic_table_analysis
2016-01-13 17:32:06,779 - __main__ - INFO - Run datamart_table_analysis
2016-01-13 17:34:34,581 - __main__ - INFO - Run core_analysis
2016-01-13 17:34:39,509 - __main__ - INFO - View core output excel file
2016-01-13 17:37:19,391 - __main__ - INFO - Create master frame
2016-01-13 17:37:24,213 - __main__ - INFO - Run core_analysis
2016-01-13 17:37:36,667 - __main__ - INFO - Run core_analysis
2016-01-13 17:37:43,033 - __main__ - INFO - View core output excel file
2016-01-13 17:37:52,625 - __main__ - INFO - Run core_analysis
2016-01-13 17:38:12,934 - __main__ - INFO - Create config frame
2016-03-15 16:32:58,444 - __main__ - INFO - Create master frame
