2015-11-18 14:15:09,904 - analyze_report - INFO - Start to run generate_report_file.
2015-11-18 14:15:09,910 - analyze_report - DEBUG - Start to generate report for performance analyze Processing script performance.
2015-11-18 14:15:09,923 - analyze_report - INFO - Start to run generate_report_file.
2015-11-18 14:15:09,926 - analyze_report - DEBUG - Start to generate report for performance analyze Processing script detailed.
2015-11-18 14:15:19,532 - analyze_report - INFO - Start to run generate_report_file.
2015-11-18 14:15:19,533 - analyze_report - DEBUG - Start to generate report for dynamic table analyze Field_Check.
2015-11-18 14:15:19,555 - analyze_report - INFO - Start to run generate_report_file.
2015-11-18 14:15:19,558 - analyze_report - DEBUG - Start to generate report for dynamic table analyze H_Field_Check.
2015-11-18 14:15:19,578 - analyze_report - INFO - Start to run generate_report_file.
2015-11-18 14:15:19,579 - analyze_report - DEBUG - Start to generate report for dynamic table analyze H_DB_Field_Check.
2015-11-18 14:15:19,592 - analyze_report - INFO - Start to run generate_report_file.
2015-11-18 14:15:19,595 - analyze_report - DEBUG - Start to generate report for datamart table analyze #_Fields_REP_Vs_Dyn.
2015-11-18 14:15:19,609 - analyze_report - INFO - Start to run generate_report_file.
2015-11-18 14:15:19,614 - analyze_report - DEBUG - Start to generate report for datamart table analyze No_Indexed_Tables.
2015-11-18 14:15:19,648 - analyze_report - INFO - Start to run generate_report_file.
2015-11-18 14:15:19,654 - analyze_report - DEBUG - Start to generate report for feeder analyze Summary_REP_TAB.
2015-11-18 14:15:19,667 - analyze_report - INFO - Start to run generate_report_file.
2015-11-18 14:15:19,671 - analyze_report - DEBUG - Start to generate report for feeder analyze REP_TAB_VS_T_FEED.
2015-11-18 14:15:19,698 - analyze_report - INFO - Start to run generate_report_file.
2015-11-18 14:15:19,703 - analyze_report - DEBUG - Start to generate report for feeder analyze Summary_T_FEED_2.
2015-11-18 14:15:19,726 - analyze_report - INFO - Start to run generate_report_file.
2015-11-18 14:15:19,729 - analyze_report - DEBUG - Start to generate report for feeder analyze T_FEED_VS_BOF.
2015-11-18 14:15:20,573 - analyze_report - INFO - Start to run generate_report_file.
2015-11-18 14:15:20,576 - analyze_report - DEBUG - Start to generate report for feeder analyze Summary_BOF.
2015-11-18 14:15:20,588 - analyze_report - INFO - Start to run generate_report_file.
2015-11-18 14:15:20,594 - analyze_report - DEBUG - Start to generate report for feeder analyze BOF_VS_PS.
2015-11-18 14:15:20,611 - analyze_report - INFO - Start to run generate_report_file.
2015-11-18 14:15:20,615 - analyze_report - DEBUG - Start to generate report for feeder analyze Scanner_Engine.
2015-11-18 14:15:21,644 - analyze_report - INFO - Start to run generate_report_file.
2015-11-18 14:15:21,648 - analyze_report - DEBUG - Start to generate report for feeder analyze Dataset_consistency.
2015-11-18 14:15:22,507 - analyze_report - INFO - Start to run generate_report_file.
2015-11-18 14:15:22,510 - analyze_report - DEBUG - Start to generate report for feeder analyze Post_filter.
2015-11-18 14:15:22,571 - analyze_report - INFO - Start to run generate_report_file.
2015-11-18 14:15:22,575 - analyze_report - DEBUG - Start to generate report for performance analyze Processing script performance.
2015-11-18 14:15:22,588 - analyze_report - INFO - Start to run generate_report_file.
2015-11-18 14:15:22,594 - analyze_report - DEBUG - Start to generate report for performance analyze Processing script detailed.
2015-11-18 14:15:27,085 - analyze_report - INFO - Start to run generate_report_file.
2015-11-18 14:15:27,088 - analyze_report - DEBUG - Start to generate report for dynamic table analyze Field_Check.
2015-11-18 14:15:27,101 - analyze_report - INFO - Start to run generate_report_file.
2015-11-18 14:15:27,105 - analyze_report - DEBUG - Start to generate report for dynamic table analyze H_Field_Check.
2015-11-18 14:15:27,122 - analyze_report - INFO - Start to run generate_report_file.
2015-11-18 14:15:27,125 - analyze_report - DEBUG - Start to generate report for dynamic table analyze H_DB_Field_Check.
2015-11-18 14:15:27,138 - analyze_report - INFO - Start to run generate_report_file.
2015-11-18 14:15:27,142 - analyze_report - DEBUG - Start to generate report for dynamic table analyze Sensi_Flag_Check.
2015-11-18 14:15:27,167 - analyze_report - INFO - Start to run generate_report_file.
2015-11-18 14:15:27,170 - analyze_report - DEBUG - Start to generate report for dynamic table analyze Build_Mode_Check.
2015-11-18 14:15:27,180 - analyze_report - INFO - Start to run generate_report_file.
2015-11-18 14:15:27,184 - analyze_report - DEBUG - Start to generate report for dynamic table analyze Field_Reference_Summary.
2015-11-18 14:15:27,368 - analyze_report - INFO - Start to run generate_report_file.
2015-11-18 14:15:27,375 - analyze_report - DEBUG - Start to generate report for dynamic table analyze Field_Reference_Detail.
2015-11-18 14:15:29,348 - analyze_report - INFO - Start to run generate_report_file.
2015-11-18 14:15:29,351 - analyze_report - DEBUG - Start to generate report for dynamic table analyze DM_TBL_Reference_Summary.
2015-11-18 14:15:29,364 - analyze_report - INFO - Start to run generate_report_file.
2015-11-18 14:15:29,368 - analyze_report - DEBUG - Start to generate report for dynamic table analyze DM_TBL_Reference_Detail.
2015-11-18 14:15:32,030 - analyze_report - INFO - Start to run generate_report_file.
2015-11-18 14:15:32,035 - analyze_report - DEBUG - Start to generate report for datamart table analyze Fields_Check.
2015-11-18 14:15:32,045 - analyze_report - INFO - Start to run generate_report_file.
2015-11-18 14:15:32,049 - analyze_report - DEBUG - Start to generate report for datamart table analyze #_Fields_REP_Vs_Dyn.
2015-11-18 14:15:32,065 - analyze_report - INFO - Start to run generate_report_file.
2015-11-18 14:15:32,068 - analyze_report - DEBUG - Start to generate report for datamart table analyze No_Indexed_Tables.
2015-11-18 14:15:37,734 - analyze_report - INFO - Start to run generate_report_file.
2015-11-18 14:15:37,737 - analyze_report - DEBUG - Start to generate report for feeder analyze Summary_REP_TAB.
2015-11-18 14:15:37,746 - analyze_report - INFO - Start to run generate_report_file.
2015-11-18 14:15:37,750 - analyze_report - DEBUG - Start to generate report for feeder analyze REP_TAB_VS_T_FEED.
2015-11-18 14:15:37,778 - analyze_report - INFO - Start to run generate_report_file.
2015-11-18 14:15:37,780 - analyze_report - DEBUG - Start to generate report for feeder analyze Summary_T_FEED_1.
2015-11-18 14:15:37,792 - analyze_report - INFO - Start to run generate_report_file.
2015-11-18 14:15:37,798 - analyze_report - DEBUG - Start to generate report for feeder analyze T_FEED_VS_DM.
2015-11-18 14:15:37,878 - analyze_report - INFO - Start to run generate_report_file.
2015-11-18 14:15:37,880 - analyze_report - DEBUG - Start to generate report for feeder analyze Summary_T_FEED_2.
2015-11-18 14:15:37,901 - analyze_report - INFO - Start to run generate_report_file.
2015-11-18 14:15:37,905 - analyze_report - DEBUG - Start to generate report for feeder analyze T_FEED_VS_BOF.
2015-11-18 14:15:38,568 - analyze_report - INFO - Start to run generate_report_file.
2015-11-18 14:15:38,571 - analyze_report - DEBUG - Start to generate report for feeder analyze Summary_BOF.
2015-11-18 14:15:38,584 - analyze_report - INFO - Start to run generate_report_file.
2015-11-18 14:15:38,588 - analyze_report - DEBUG - Start to generate report for feeder analyze BOF_VS_PS.
2015-11-18 14:15:38,604 - analyze_report - INFO - Start to run generate_report_file.
2015-11-18 14:15:38,608 - analyze_report - DEBUG - Start to generate report for feeder analyze Scanner_Engine.
2015-11-18 14:15:39,466 - analyze_report - INFO - Start to run generate_report_file.
2015-11-18 14:15:39,469 - analyze_report - DEBUG - Start to generate report for feeder analyze BOF_SIZE.
2015-11-18 14:15:39,848 - analyze_report - INFO - Start to run generate_report_file.
2015-11-18 14:15:39,851 - analyze_report - DEBUG - Start to generate report for feeder analyze Filter_conflict.
2015-11-18 14:15:40,256 - analyze_report - INFO - Start to run generate_report_file.
2015-11-18 14:15:40,259 - analyze_report - DEBUG - Start to generate report for feeder analyze Dataset_consistency.
2015-11-18 14:15:40,950 - analyze_report - INFO - Start to run generate_report_file.
2015-11-18 14:15:40,953 - analyze_report - DEBUG - Start to generate report for feeder analyze Post_filter.
2015-11-18 14:15:41,003 - analyze_report - INFO - Start to run generate_report_file.
2015-11-18 14:15:41,010 - analyze_report - DEBUG - Start to generate report for feeder analyze Computing_dates.
2015-11-18 14:18:52,180 - analyze_report - INFO - Start to run generate_report_file.
2015-11-18 14:18:52,184 - analyze_report - DEBUG - Start to generate report for dynamic table analyze Field_Check.
2015-11-18 14:18:52,201 - analyze_report - INFO - Start to run generate_report_file.
2015-11-18 14:18:52,203 - analyze_report - DEBUG - Start to generate report for dynamic table analyze H_Field_Check.
2015-11-18 14:18:52,227 - analyze_report - INFO - Start to run generate_report_file.
2015-11-18 14:18:52,232 - analyze_report - DEBUG - Start to generate report for dynamic table analyze H_DB_Field_Check.
2015-11-18 14:18:52,243 - analyze_report - INFO - Start to run generate_report_file.
2015-11-18 14:18:52,249 - analyze_report - DEBUG - Start to generate report for dynamic table analyze Sensi_Flag_Check.
2015-11-18 14:18:52,270 - analyze_report - INFO - Start to run generate_report_file.
2015-11-18 14:18:52,275 - analyze_report - DEBUG - Start to generate report for dynamic table analyze Build_Mode_Check.
2015-11-18 14:18:52,286 - analyze_report - INFO - Start to run generate_report_file.
2015-11-18 14:18:52,288 - analyze_report - DEBUG - Start to generate report for dynamic table analyze Field_Reference_Summary.
2015-11-18 14:18:52,476 - analyze_report - INFO - Start to run generate_report_file.
2015-11-18 14:18:52,482 - analyze_report - DEBUG - Start to generate report for dynamic table analyze Field_Reference_Detail.
2015-11-18 14:18:54,377 - analyze_report - INFO - Start to run generate_report_file.
2015-11-18 14:18:54,380 - analyze_report - DEBUG - Start to generate report for dynamic table analyze DM_TBL_Reference_Summary.
2015-11-18 14:18:54,390 - analyze_report - INFO - Start to run generate_report_file.
2015-11-18 14:18:54,391 - analyze_report - DEBUG - Start to generate report for dynamic table analyze DM_TBL_Reference_Detail.
2015-11-18 14:20:52,213 - analyze_report - INFO - Start to run generate_report_file.
2015-11-18 14:20:52,216 - analyze_report - DEBUG - Start to generate report for dynamic table analyze Field_Check.
2015-11-18 14:20:52,229 - analyze_report - INFO - Start to run generate_report_file.
2015-11-18 14:20:52,230 - analyze_report - DEBUG - Start to generate report for dynamic table analyze H_Field_Check.
2015-11-18 14:20:52,250 - analyze_report - INFO - Start to run generate_report_file.
2015-11-18 14:20:52,253 - analyze_report - DEBUG - Start to generate report for dynamic table analyze H_DB_Field_Check.
2015-11-18 14:20:52,265 - analyze_report - INFO - Start to run generate_report_file.
2015-11-18 14:20:52,269 - analyze_report - DEBUG - Start to generate report for dynamic table analyze Sensi_Flag_Check.
2015-11-18 14:20:52,295 - analyze_report - INFO - Start to run generate_report_file.
2015-11-18 14:20:52,296 - analyze_report - DEBUG - Start to generate report for dynamic table analyze Build_Mode_Check.
2015-11-18 14:20:52,312 - analyze_report - INFO - Start to run generate_report_file.
2015-11-18 14:20:52,315 - analyze_report - DEBUG - Start to generate report for dynamic table analyze Field_Reference_Summary.
2015-11-18 14:20:52,456 - analyze_report - INFO - Start to run generate_report_file.
2015-11-18 14:20:52,459 - analyze_report - DEBUG - Start to generate report for dynamic table analyze Field_Reference_Detail.
2015-11-18 14:20:54,740 - analyze_report - INFO - Start to run generate_report_file.
2015-11-18 14:20:54,743 - analyze_report - DEBUG - Start to generate report for dynamic table analyze DM_TBL_Reference_Summary.
2015-11-18 14:20:54,755 - analyze_report - INFO - Start to run generate_report_file.
2015-11-18 14:20:54,757 - analyze_report - DEBUG - Start to generate report for dynamic table analyze DM_TBL_Reference_Detail.
2015-11-18 14:34:36,871 - analyze_report - INFO - Start to run generate_report_file.
2015-11-18 14:34:36,874 - analyze_report - DEBUG - Start to generate report for performance analyze Processing script performance.
2015-11-18 14:34:36,884 - analyze_report - INFO - Start to run generate_report_file.
2015-11-18 14:34:36,885 - analyze_report - DEBUG - Start to generate report for performance analyze Processing script detailed.
2015-11-18 14:35:44,990 - analyze_report - INFO - Start to run generate_report_file.
2015-11-18 14:35:44,992 - analyze_report - DEBUG - Start to generate report for performance analyze Processing script performance.
2015-11-18 14:35:45,033 - analyze_report - INFO - Start to run generate_report_file.
2015-11-18 14:35:45,036 - analyze_report - DEBUG - Start to generate report for performance analyze Processing script detailed.
2015-11-18 14:36:27,565 - analyze_report - INFO - Start to run generate_report_file.
2015-11-18 14:36:27,569 - analyze_report - DEBUG - Start to generate report for dynamic table analyze Field_Check.
2015-11-18 14:36:27,581 - analyze_report - INFO - Start to run generate_report_file.
2015-11-18 14:36:27,585 - analyze_report - DEBUG - Start to generate report for dynamic table analyze H_Field_Check.
2015-11-18 14:36:27,594 - analyze_report - INFO - Start to run generate_report_file.
2015-11-18 14:36:27,596 - analyze_report - DEBUG - Start to generate report for dynamic table analyze H_DB_Field_Check.
2015-11-18 14:36:27,605 - analyze_report - INFO - Start to run generate_report_file.
2015-11-18 14:36:27,608 - analyze_report - DEBUG - Start to generate report for datamart table analyze #_Fields_REP_Vs_Dyn.
2015-11-18 14:36:27,619 - analyze_report - INFO - Start to run generate_report_file.
2015-11-18 14:36:27,624 - analyze_report - DEBUG - Start to generate report for datamart table analyze No_Indexed_Tables.
2015-11-18 14:36:27,644 - analyze_report - INFO - Start to run generate_report_file.
2015-11-18 14:36:27,647 - analyze_report - DEBUG - Start to generate report for feeder analyze Summary_REP_TAB.
2015-11-18 14:36:27,655 - analyze_report - INFO - Start to run generate_report_file.
2015-11-18 14:36:27,657 - analyze_report - DEBUG - Start to generate report for feeder analyze REP_TAB_VS_T_FEED.
2015-11-18 14:36:27,667 - analyze_report - INFO - Start to run generate_report_file.
2015-11-18 14:36:27,671 - analyze_report - DEBUG - Start to generate report for feeder analyze Summary_T_FEED_2.
2015-11-18 14:36:27,681 - analyze_report - INFO - Start to run generate_report_file.
2015-11-18 14:36:27,684 - analyze_report - DEBUG - Start to generate report for feeder analyze T_FEED_VS_BOF.
2015-11-18 14:36:27,704 - analyze_report - INFO - Start to run generate_report_file.
2015-11-18 14:36:27,707 - analyze_report - DEBUG - Start to generate report for feeder analyze Summary_BOF.
2015-11-18 14:36:27,717 - analyze_report - INFO - Start to run generate_report_file.
2015-11-18 14:36:27,736 - analyze_report - DEBUG - Start to generate report for feeder analyze BOF_VS_PS.
2015-11-18 14:36:27,746 - analyze_report - INFO - Start to run generate_report_file.
2015-11-18 14:36:27,750 - analyze_report - DEBUG - Start to generate report for feeder analyze Scanner_Engine.
2015-11-18 14:36:27,779 - analyze_report - INFO - Start to run generate_report_file.
2015-11-18 14:36:27,782 - analyze_report - DEBUG - Start to generate report for feeder analyze Dataset_consistency.
2015-11-18 14:36:27,819 - analyze_report - INFO - Start to run generate_report_file.
2015-11-18 14:36:27,823 - analyze_report - DEBUG - Start to generate report for feeder analyze Post_filter.
2015-11-18 14:36:27,838 - analyze_report - INFO - Start to run generate_report_file.
2015-11-18 14:36:27,842 - analyze_report - DEBUG - Start to generate report for performance analyze Processing script performance.
2015-11-18 14:36:27,901 - analyze_report - INFO - Start to run generate_report_file.
2015-11-18 14:36:27,905 - analyze_report - DEBUG - Start to generate report for performance analyze Processing script detailed.
2015-11-18 14:36:42,539 - analyze_report - INFO - Start to run generate_report_file.
2015-11-18 14:36:42,540 - analyze_report - DEBUG - Start to generate report for dynamic table analyze Field_Check.
2015-11-18 14:36:42,549 - analyze_report - INFO - Start to run generate_report_file.
2015-11-18 14:36:42,552 - analyze_report - DEBUG - Start to generate report for dynamic table analyze H_Field_Check.
2015-11-18 14:36:42,563 - analyze_report - INFO - Start to run generate_report_file.
2015-11-18 14:36:42,566 - analyze_report - DEBUG - Start to generate report for dynamic table analyze H_DB_Field_Check.
2015-11-18 14:36:42,579 - analyze_report - INFO - Start to run generate_report_file.
2015-11-18 14:36:42,582 - analyze_report - DEBUG - Start to generate report for dynamic table analyze Sensi_Flag_Check.
2015-11-18 14:36:42,591 - analyze_report - INFO - Start to run generate_report_file.
2015-11-18 14:36:42,594 - analyze_report - DEBUG - Start to generate report for dynamic table analyze Build_Mode_Check.
2015-11-18 14:36:42,605 - analyze_report - INFO - Start to run generate_report_file.
2015-11-18 14:36:42,608 - analyze_report - DEBUG - Start to generate report for dynamic table analyze Field_Reference_Summary.
2015-11-18 14:36:42,684 - analyze_report - INFO - Start to run generate_report_file.
2015-11-18 14:36:42,687 - analyze_report - DEBUG - Start to generate report for dynamic table analyze Field_Reference_Detail.
2015-11-18 14:36:43,013 - analyze_report - INFO - Start to run generate_report_file.
2015-11-18 14:36:43,017 - analyze_report - DEBUG - Start to generate report for dynamic table analyze DM_TBL_Reference_Summary.
2015-11-18 14:36:43,032 - analyze_report - INFO - Start to run generate_report_file.
2015-11-18 14:36:43,036 - analyze_report - DEBUG - Start to generate report for dynamic table analyze DM_TBL_Reference_Detail.
2015-11-18 14:36:57,470 - analyze_report - INFO - Start to run generate_report_file.
2015-11-18 14:36:57,473 - analyze_report - DEBUG - Start to generate report for datamart table analyze Fields_Check.
2015-11-18 14:36:57,480 - analyze_report - INFO - Start to run generate_report_file.
2015-11-18 14:36:57,483 - analyze_report - DEBUG - Start to generate report for datamart table analyze #_Fields_REP_Vs_Dyn.
2015-11-18 14:36:57,492 - analyze_report - INFO - Start to run generate_report_file.
2015-11-18 14:36:57,494 - analyze_report - DEBUG - Start to generate report for datamart table analyze No_Indexed_Tables.
2015-11-18 14:37:04,862 - analyze_report - INFO - Start to run generate_report_file.
2015-11-18 14:37:04,867 - analyze_report - DEBUG - Start to generate report for feeder analyze Summary_REP_TAB.
2015-11-18 14:37:04,881 - analyze_report - INFO - Start to run generate_report_file.
2015-11-18 14:37:04,882 - analyze_report - DEBUG - Start to generate report for feeder analyze REP_TAB_VS_T_FEED.
2015-11-18 14:37:04,892 - analyze_report - INFO - Start to run generate_report_file.
2015-11-18 14:37:04,897 - analyze_report - DEBUG - Start to generate report for feeder analyze Summary_T_FEED_1.
2015-11-18 14:37:04,907 - analyze_report - INFO - Start to run generate_report_file.
2015-11-18 14:37:04,908 - analyze_report - DEBUG - Start to generate report for feeder analyze T_FEED_VS_DM.
2015-11-18 14:37:04,918 - analyze_report - INFO - Start to run generate_report_file.
2015-11-18 14:37:04,923 - analyze_report - DEBUG - Start to generate report for feeder analyze Summary_T_FEED_2.
2015-11-18 14:37:04,940 - analyze_report - INFO - Start to run generate_report_file.
2015-11-18 14:37:04,944 - analyze_report - DEBUG - Start to generate report for feeder analyze T_FEED_VS_BOF.
2015-11-18 14:37:04,971 - analyze_report - INFO - Start to run generate_report_file.
2015-11-18 14:37:04,973 - analyze_report - DEBUG - Start to generate report for feeder analyze Summary_BOF.
2015-11-18 14:37:04,986 - analyze_report - INFO - Start to run generate_report_file.
2015-11-18 14:37:04,989 - analyze_report - DEBUG - Start to generate report for feeder analyze BOF_VS_PS.
2015-11-18 14:37:04,999 - analyze_report - INFO - Start to run generate_report_file.
2015-11-18 14:37:05,002 - analyze_report - DEBUG - Start to generate report for feeder analyze Scanner_Engine.
2015-11-18 14:37:05,029 - analyze_report - INFO - Start to run generate_report_file.
2015-11-18 14:37:05,032 - analyze_report - DEBUG - Start to generate report for feeder analyze BOF_SIZE.
2015-11-18 14:37:05,052 - analyze_report - INFO - Start to run generate_report_file.
2015-11-18 14:37:05,055 - analyze_report - DEBUG - Start to generate report for feeder analyze Filter_conflict.
2015-11-18 14:37:05,071 - analyze_report - INFO - Start to run generate_report_file.
2015-11-18 14:37:05,073 - analyze_report - DEBUG - Start to generate report for feeder analyze Dataset_consistency.
2015-11-18 14:37:05,108 - analyze_report - INFO - Start to run generate_report_file.
2015-11-18 14:37:05,112 - analyze_report - DEBUG - Start to generate report for feeder analyze Post_filter.
2015-11-18 14:37:05,125 - analyze_report - INFO - Start to run generate_report_file.
2015-11-18 14:37:05,128 - analyze_report - DEBUG - Start to generate report for feeder analyze Computing_dates.
2016-04-05 18:47:25,634 - analyze_report - INFO - Start to run generate_report_file.
2016-04-05 18:47:25,638 - analyze_report - DEBUG - Start to generate report for dynamic table analyze Field_Check.
2016-04-05 18:47:25,647 - analyze_report - INFO - Start to run generate_report_file.
2016-04-05 18:47:25,650 - analyze_report - DEBUG - Start to generate report for dynamic table analyze H_Field_Check.
2016-04-05 18:47:25,657 - analyze_report - INFO - Start to run generate_report_file.
2016-04-05 18:47:25,658 - analyze_report - DEBUG - Start to generate report for dynamic table analyze H_DB_Field_Check.
2016-04-05 18:47:25,665 - analyze_report - INFO - Start to run generate_report_file.
2016-04-05 18:47:25,667 - analyze_report - DEBUG - Start to generate report for dynamic table analyze Sensi_Flag_Check.
2016-04-05 18:47:25,674 - analyze_report - INFO - Start to run generate_report_file.
2016-04-05 18:47:25,677 - analyze_report - DEBUG - Start to generate report for dynamic table analyze Build_Mode_Check.
2016-04-05 18:47:25,683 - analyze_report - INFO - Start to run generate_report_file.
2016-04-05 18:47:25,684 - analyze_report - DEBUG - Start to generate report for dynamic table analyze Field_Reference_Summary.
2016-04-05 18:47:25,723 - analyze_report - INFO - Start to run generate_report_file.
2016-04-05 18:47:25,726 - analyze_report - DEBUG - Start to generate report for dynamic table analyze Field_Reference_Detail.
2016-04-05 18:47:25,865 - analyze_report - INFO - Start to run generate_report_file.
2016-04-05 18:47:25,868 - analyze_report - DEBUG - Start to generate report for dynamic table analyze DM_TBL_Reference_Summary.
2016-04-05 18:47:25,877 - analyze_report - INFO - Start to run generate_report_file.
2016-04-05 18:47:25,878 - analyze_report - DEBUG - Start to generate report for dynamic table analyze DM_TBL_Reference_Detail.
2016-07-28 15:10:04,134 - analyze_report - INFO - Start to run generate_report_file.
2016-07-28 15:10:04,138 - analyze_report - DEBUG - Start to generate report for dynamic table analyze Field_Check.
2016-07-28 15:10:04,145 - analyze_report - INFO - Start to run generate_report_file.
2016-07-28 15:10:04,150 - analyze_report - DEBUG - Start to generate report for dynamic table analyze H_Field_Check.
2016-07-28 15:10:04,158 - analyze_report - INFO - Start to run generate_report_file.
2016-07-28 15:10:04,161 - analyze_report - DEBUG - Start to generate report for dynamic table analyze H_DB_Field_Check.
2016-07-28 15:10:04,174 - analyze_report - INFO - Start to run generate_report_file.
2016-07-28 15:10:04,177 - analyze_report - DEBUG - Start to generate report for dynamic table analyze Sensi_Flag_Check.
2016-07-28 15:10:04,190 - analyze_report - INFO - Start to run generate_report_file.
2016-07-28 15:10:04,194 - analyze_report - DEBUG - Start to generate report for dynamic table analyze Build_Mode_Check.
2016-07-28 15:10:04,204 - analyze_report - INFO - Start to run generate_report_file.
2016-07-28 15:10:04,207 - analyze_report - DEBUG - Start to generate report for dynamic table analyze Field_Reference_Summary.
2016-07-28 15:10:04,269 - analyze_report - INFO - Start to run generate_report_file.
2016-07-28 15:10:04,273 - analyze_report - DEBUG - Start to generate report for dynamic table analyze Field_Reference_Detail.
2016-07-28 15:10:04,608 - analyze_report - INFO - Start to run generate_report_file.
2016-07-28 15:10:04,609 - analyze_report - DEBUG - Start to generate report for dynamic table analyze DM_TBL_Reference_Summary.
2016-07-28 15:10:04,619 - analyze_report - INFO - Start to run generate_report_file.
2016-07-28 15:10:04,622 - analyze_report - DEBUG - Start to generate report for dynamic table analyze DM_TBL_Reference_Detail.
