2015-11-18 14:15:10,956 - core_analysis - INFO - Start to run core_analysis.py.
2015-11-18 14:15:10,957 - core_analysis - INFO - Start to run get_core_analysis_list.
2015-11-18 14:15:10,957 - core_analysis - INFO - Start to run analyze_processing_script_total_time on file D:\Dropbox\Project\DM_Analysis\properties\analyze_template.txt
2015-11-18 14:15:19,523 - core_analysis - INFO - Start to run create_content_page for 16 sheets.
2015-11-18 14:15:19,523 - core_analysis - INFO - End running create_content_page for 16 sheets.
2015-11-18 14:35:46,217 - core_analysis - INFO - Start to run core_analysis.py.
2015-11-18 14:35:46,217 - core_analysis - INFO - Start to run get_core_analysis_list.
2015-11-18 14:35:46,219 - core_analysis - INFO - Start to run analyze_processing_script_total_time on file D:\Dropbox\Project\DM_Analysis\properties\analyze_template.txt
2015-11-18 14:36:27,555 - core_analysis - INFO - Start to run create_content_page for 16 sheets.
2015-11-18 14:36:27,555 - core_analysis - INFO - End running create_content_page for 16 sheets.
2016-07-28 15:09:37,871 - core_analysis - INFO - Start to run core_analysis.py.
2016-07-28 15:09:37,871 - core_analysis - INFO - Start to run get_core_analysis_list.
2016-07-28 15:09:37,871 - core_analysis - INFO - Start to run analyze_processing_script_total_time on file D:\Dropbox\Project\DM_Analysis\properties\analyze_template.txt
2016-07-28 15:09:37,946 - io_utility - INFO - Start to create worksheet Field_Check
2016-07-28 15:09:37,947 - io_utility - INFO - Start to add a sequence col to the content 
2016-07-28 15:09:37,947 - io_utility - INFO - Finish to add a sequence col to the content 
2016-07-28 15:09:37,950 - io_utility - INFO - End creating worksheet Field_Check
2016-07-28 15:09:37,950 - io_utility - INFO - Start to create worksheet H_Field_Check
2016-07-28 15:09:37,950 - io_utility - INFO - Start to add a sequence col to the content 
2016-07-28 15:09:37,951 - io_utility - INFO - Finish to add a sequence col to the content 
2016-07-28 15:09:37,953 - io_utility - INFO - End creating worksheet H_Field_Check
2016-07-28 15:09:37,953 - io_utility - INFO - Start to create worksheet H_DB_Field_Check
2016-07-28 15:09:37,953 - io_utility - INFO - Start to add a sequence col to the content 
2016-07-28 15:09:37,954 - io_utility - INFO - Finish to add a sequence col to the content 
2016-07-28 15:09:37,956 - io_utility - INFO - End creating worksheet H_DB_Field_Check
2016-07-28 15:09:48,418 - core_analysis - INFO - Start to run core_analysis.py.
2016-07-28 15:09:48,421 - core_analysis - INFO - Start to run get_core_analysis_list.
2016-07-28 15:09:48,421 - core_analysis - INFO - Start to run analyze_processing_script_total_time on file D:\Dropbox\Project\DM_Analysis\properties\analyze_template.txt
2016-07-28 15:09:48,490 - io_utility - INFO - Start to create worksheet Field_Check
2016-07-28 15:09:48,490 - io_utility - INFO - Start to add a sequence col to the content 
2016-07-28 15:09:48,490 - io_utility - INFO - Finish to add a sequence col to the content 
2016-07-28 15:09:48,492 - io_utility - INFO - End creating worksheet Field_Check
2016-07-28 15:09:48,492 - io_utility - INFO - Start to create worksheet H_Field_Check
2016-07-28 15:09:48,493 - io_utility - INFO - Start to add a sequence col to the content 
2016-07-28 15:09:48,493 - io_utility - INFO - Finish to add a sequence col to the content 
2016-07-28 15:09:48,493 - io_utility - INFO - End creating worksheet H_Field_Check
2016-07-28 15:09:48,494 - io_utility - INFO - Start to create worksheet H_DB_Field_Check
2016-07-28 15:09:48,494 - io_utility - INFO - Start to add a sequence col to the content 
2016-07-28 15:09:48,494 - io_utility - INFO - Finish to add a sequence col to the content 
2016-07-28 15:09:48,496 - io_utility - INFO - End creating worksheet H_DB_Field_Check
2016-07-28 15:10:04,125 - io_utility - INFO - Start to create worksheet Content
2016-07-28 15:10:04,134 - io_utility - INFO - End creating worksheet Content
2016-07-28 15:10:04,140 - io_utility - INFO - Start to create worksheet Field_Check
2016-07-28 15:10:04,141 - io_utility - INFO - Start to add a sequence col to the content 
2016-07-28 15:10:04,141 - io_utility - INFO - Finish to add a sequence col to the content 
2016-07-28 15:10:04,141 - io_utility - INFO - Start to add review to the content
2016-07-28 15:10:04,144 - io_utility - INFO - End creating worksheet Field_Check
2016-07-28 15:10:04,151 - io_utility - INFO - Start to create worksheet H_Field_Check
2016-07-28 15:10:04,153 - io_utility - INFO - Start to add a sequence col to the content 
2016-07-28 15:10:04,153 - io_utility - INFO - Finish to add a sequence col to the content 
2016-07-28 15:10:04,154 - io_utility - INFO - Start to add review to the content
2016-07-28 15:10:04,157 - io_utility - INFO - End creating worksheet H_Field_Check
2016-07-28 15:10:04,167 - io_utility - INFO - Start to create worksheet H_DB_Field_Check
2016-07-28 15:10:04,167 - io_utility - INFO - Start to add a sequence col to the content 
2016-07-28 15:10:04,167 - io_utility - INFO - Finish to add a sequence col to the content 
2016-07-28 15:10:04,167 - io_utility - INFO - Start to add review to the content
2016-07-28 15:10:04,173 - io_utility - INFO - End creating worksheet H_DB_Field_Check
2016-07-28 15:10:04,181 - io_utility - INFO - Start to create worksheet Sensi_Flag_Check
2016-07-28 15:10:04,183 - io_utility - INFO - Start to add a sequence col to the content 
2016-07-28 15:10:04,184 - io_utility - INFO - Finish to add a sequence col to the content 
2016-07-28 15:10:04,184 - io_utility - INFO - Start to add review to the content
2016-07-28 15:10:04,187 - io_utility - INFO - End creating worksheet Sensi_Flag_Check
2016-07-28 15:10:04,197 - io_utility - INFO - Start to create worksheet Build_Mode_Check
2016-07-28 15:10:04,197 - io_utility - INFO - Start to add a sequence col to the content 
2016-07-28 15:10:04,197 - io_utility - INFO - Finish to add a sequence col to the content 
2016-07-28 15:10:04,198 - io_utility - INFO - Start to add review to the content
2016-07-28 15:10:04,203 - io_utility - INFO - End creating worksheet Build_Mode_Check
2016-07-28 15:10:04,210 - io_utility - INFO - Start to create worksheet Field_Reference_Summary
2016-07-28 15:10:04,211 - io_utility - INFO - Start to add a sequence col to the content 
2016-07-28 15:10:04,213 - io_utility - INFO - Finish to add a sequence col to the content 
2016-07-28 15:10:04,213 - io_utility - INFO - Start to add review to the content
2016-07-28 15:10:04,267 - io_utility - INFO - End creating worksheet Field_Reference_Summary
2016-07-28 15:10:04,276 - io_utility - INFO - Start to create worksheet Field_Reference_Detail
2016-07-28 15:10:04,276 - io_utility - INFO - Start to add a sequence col to the content 
2016-07-28 15:10:04,280 - io_utility - INFO - Finish to add a sequence col to the content 
2016-07-28 15:10:04,280 - io_utility - INFO - Start to add review to the content
2016-07-28 15:10:04,605 - io_utility - INFO - End creating worksheet Field_Reference_Detail
2016-07-28 15:10:04,612 - io_utility - INFO - Start to create worksheet DM_TBL_Reference_Summary
2016-07-28 15:10:04,614 - io_utility - INFO - Start to add a sequence col to the content 
2016-07-28 15:10:04,614 - io_utility - INFO - Finish to add a sequence col to the content 
2016-07-28 15:10:04,614 - io_utility - INFO - Start to add review to the content
2016-07-28 15:10:04,618 - io_utility - INFO - End creating worksheet DM_TBL_Reference_Summary
2016-07-28 15:10:04,625 - io_utility - INFO - Start to create worksheet DM_TBL_Reference_Detail
2016-07-28 15:10:04,627 - io_utility - INFO - Start to add a sequence col to the content 
2016-07-28 15:10:04,627 - io_utility - INFO - Finish to add a sequence col to the content 
2016-07-28 15:10:04,628 - io_utility - INFO - Start to add review to the content
2016-07-28 15:10:04,631 - io_utility - INFO - End creating worksheet DM_TBL_Reference_Detail
