2015-11-05 18:25:52,191 - __main__ - INFO - Create master frame
2015-11-05 18:25:54,963 - __main__ - INFO - Run performance_analysis
2015-11-05 18:26:18,368 - __main__ - INFO - Create master frame
2015-11-05 18:26:23,519 - __main__ - INFO - Run performance_analysis
2015-11-05 18:28:36,674 - __main__ - INFO - Create master frame
2015-11-05 18:28:39,233 - __main__ - INFO - Run performance_analysis
2015-11-05 18:28:50,848 - __main__ - INFO - Create master frame
2015-11-05 18:28:53,710 - __main__ - INFO - Run performance_analysis
2015-11-05 18:29:09,428 - __main__ - INFO - Create master frame
2015-11-05 18:29:12,240 - __main__ - INFO - Run performance_analysis
2015-11-18 14:15:06,724 - __main__ - INFO - Create master frame
2015-11-18 14:15:09,858 - __main__ - INFO - Run performance_analysis
2015-11-18 14:15:10,953 - __main__ - INFO - Run core_analysis
2015-11-18 14:15:24,446 - __main__ - INFO - Run dynamic_table_analysis
2015-11-18 14:15:31,111 - __main__ - INFO - Run datamart_table_analysis
2015-11-18 14:15:33,128 - __main__ - INFO - Run feeder_analysis
2015-11-18 14:15:49,990 - __main__ - INFO - View core output excel file
2015-11-18 14:15:58,516 - __main__ - INFO - View dynamic table output excel file
2015-11-18 14:17:09,483 - __main__ - INFO - Create master frame
2015-11-18 14:17:12,299 - __main__ - INFO - Run dynamic_table_analysis
2015-11-18 14:18:40,934 - __main__ - INFO - Create master frame
2015-11-18 14:18:49,907 - __main__ - INFO - Run dynamic_table_analysis
2015-11-18 14:18:58,619 - __main__ - INFO - View dynamic table output excel file
2015-11-18 14:20:47,088 - __main__ - INFO - Create master frame
2015-11-18 14:20:50,167 - __main__ - INFO - Run dynamic_table_analysis
2015-11-18 14:20:59,190 - __main__ - INFO - View dynamic table output excel file
2015-11-18 14:34:14,513 - __main__ - INFO - Create master frame
2015-11-18 14:34:21,358 - __main__ - INFO - Create config frame
2015-11-18 14:34:24,395 - __main__ - INFO - Create config frame
2015-11-18 14:34:34,624 - __main__ - INFO - Save config
2015-11-18 14:34:36,846 - __main__ - INFO - Run performance_analysis
2015-11-18 14:34:39,543 - __main__ - INFO - View performance output excel file
2015-11-18 14:35:36,065 - __main__ - INFO - Create master frame
2015-11-18 14:35:41,246 - __main__ - INFO - Run performance_analysis
2015-11-18 14:35:46,207 - __main__ - INFO - Run core_analysis
2015-11-18 14:36:29,137 - __main__ - INFO - Run dynamic_table_analysis
2015-11-18 14:36:44,184 - __main__ - INFO - Run datamart_table_analysis
2015-11-18 14:36:58,549 - __main__ - INFO - Run feeder_analysis
2015-11-18 14:50:41,589 - __main__ - INFO - View core output excel file
2015-11-18 14:50:57,828 - __main__ - INFO - View performance output excel file
2015-11-18 14:51:11,904 - __main__ - INFO - View feeder output excel file
2015-11-18 14:51:29,240 - __main__ - INFO - View dynamic table output excel file
2015-11-18 14:54:58,854 - __main__ - INFO - View dynamic table output excel file
2016-03-09 18:11:10,174 - __main__ - INFO - Create master frame
2016-03-16 14:36:26,546 - __main__ - INFO - Create master frame
2016-03-16 14:36:34,503 - __main__ - INFO - Run datamart_table_analysis
2016-03-16 14:37:49,549 - __main__ - INFO - Create master frame
2016-03-16 14:39:17,971 - __main__ - INFO - Create master frame
2016-03-31 10:43:04,017 - __main__ - INFO - Create master frame
2016-03-31 10:43:41,881 - __main__ - INFO - Run dynamic_table_analysis
2016-03-31 10:45:53,969 - __main__ - INFO - Run dynamic_table_analysis
2016-03-31 10:46:33,471 - __main__ - INFO - Create master frame
2016-03-31 10:46:36,670 - __main__ - INFO - Run dynamic_table_analysis
2016-03-31 11:03:52,361 - __main__ - INFO - Run dynamic_table_analysis
2016-03-31 11:04:12,933 - __main__ - INFO - Create master frame
2016-03-31 11:04:16,444 - __main__ - INFO - Run dynamic_table_analysis
2016-03-31 11:04:47,177 - __main__ - INFO - Run datamart_table_analysis
2016-03-31 11:04:52,265 - __main__ - INFO - Create master frame
2016-03-31 11:04:54,775 - __main__ - INFO - Run datamart_table_analysis
2016-03-31 11:07:37,691 - __main__ - INFO - Run datamart_table_analysis
2016-03-31 11:07:53,115 - __main__ - INFO - Create master frame
2016-03-31 11:08:08,602 - __main__ - INFO - Run dynamic_table_analysis
2016-03-31 11:24:25,157 - __main__ - INFO - Run datamart_table_analysis
2016-04-05 18:35:24,982 - __main__ - INFO - Create master frame
2016-04-05 18:35:34,642 - __main__ - INFO - Run datamart_table_analysis
2016-04-05 18:37:28,601 - __main__ - INFO - Create master frame
2016-04-05 18:37:32,296 - __main__ - INFO - Run dynamic_table_analysis
2016-04-05 18:37:49,444 - __main__ - INFO - Create master frame
2016-04-05 18:37:52,463 - __main__ - INFO - Run dynamic_table_analysis
2016-04-05 18:38:13,628 - __main__ - INFO - Create master frame
2016-04-05 18:38:15,980 - __main__ - INFO - Run dynamic_table_analysis
2016-04-05 18:40:49,312 - __main__ - INFO - Create master frame
2016-04-05 18:40:52,421 - __main__ - INFO - Run dynamic_table_analysis
2016-04-05 18:42:25,815 - __main__ - INFO - Create master frame
2016-04-05 18:42:34,969 - __main__ - INFO - Create master frame
2016-04-05 18:42:36,976 - __main__ - INFO - Run dynamic_table_analysis
2016-04-05 18:44:29,244 - __main__ - INFO - Create master frame
2016-04-05 18:44:31,513 - __main__ - INFO - Run dynamic_table_analysis
2016-04-05 18:45:00,473 - __main__ - INFO - Create master frame
2016-04-05 18:45:02,611 - __main__ - INFO - Run dynamic_table_analysis
2016-04-05 18:45:40,066 - __main__ - INFO - Create master frame
2016-04-05 18:45:42,259 - __main__ - INFO - Run dynamic_table_analysis
2016-04-05 18:46:24,698 - __main__ - INFO - Create master frame
2016-04-05 18:46:26,746 - __main__ - INFO - Run dynamic_table_analysis
2016-04-05 18:47:23,526 - __main__ - INFO - Create master frame
2016-04-05 18:47:25,487 - __main__ - INFO - Run dynamic_table_analysis
2016-04-05 18:47:29,035 - __main__ - INFO - View dynamic table output excel file
2016-05-26 15:04:05,098 - __main__ - INFO - Create master frame
2016-05-26 15:04:10,289 - __main__ - INFO - Run datamart_table_analysis
2016-05-26 15:06:25,240 - __main__ - INFO - Create master frame
2016-05-26 15:06:29,359 - __main__ - INFO - Run datamart_table_analysis
2016-05-26 15:06:49,691 - __main__ - INFO - Create master frame
2016-05-26 15:06:51,947 - __main__ - INFO - Run datamart_table_analysis
2016-07-28 15:09:29,681 - __main__ - INFO - Create master frame
2016-07-28 15:09:37,868 - __main__ - INFO - Run core_analysis
2016-07-28 15:09:48,414 - __main__ - INFO - Run core_analysis
2016-07-28 15:10:03,974 - __main__ - INFO - Run dynamic_table_analysis
2016-07-28 15:10:10,030 - __main__ - INFO - View dynamic table output excel file
2016-07-28 15:10:17,128 - __main__ - INFO - Run datamart_table_analysis
